<?xml version="1.0" encoding="UTF-8"?>
<!-- Generated by org.testng.reporters.JUnitXMLReporter -->
<testsuite ignored="0" hostname="Debaprasad" failures="0" tests="6" name="Default test" time="60.834" errors="0" timestamp="2022-11-01T17:21:20 IST">
  <testcase classname="com.InetBanking.TestCases.TC_LoginDDT_002" name="loginDDT" time="9.006"/>
  <testcase classname="com.InetBanking.TestCases.TC_LoginDDT_002" name="loginDDT" time="5.78"/>
  <testcase classname="com.InetBanking.TestCases.TC_LoginDDT_002" name="loginDDT" time="6.687"/>
  <testcase classname="com.InetBanking.TestCases.TC_LoginDDT_002" name="loginDDT" time="7.894"/>
  <testcase classname="com.InetBanking.TestCases.TC_LoginDDT_002" name="loginDDT" time="10.855"/>
  <testcase classname="com.InetBanking.TestCases.TC_LoginDDT_002" name="loginDDT" time="5.569"/>
</testsuite> <!-- Default test -->
