<?xml version="1.0" encoding="UTF-8"?>
<!-- Generated by org.testng.reporters.JUnitXMLReporter -->
<testsuite ignored="0" hostname="Debaprasad" failures="0" tests="8" name="Banking App Test" time="94.06" errors="0" timestamp="2022-11-01T17:23:10 IST">
  <testcase classname="com.InetBanking.TestCases.TC_Login_001" name="VerifyHomePage" time="5.929"/>
  <testcase classname="com.InetBanking.TestCases.TC_AddCustomerTest_003" name="addNewCustomer" time="8.864"/>
  <testcase classname="com.InetBanking.TestCases.TC_LoginDDT_002" name="loginDDT" time="8.589"/>
  <testcase classname="com.InetBanking.TestCases.TC_LoginDDT_002" name="loginDDT" time="4.445"/>
  <testcase classname="com.InetBanking.TestCases.TC_LoginDDT_002" name="loginDDT" time="5.714"/>
  <testcase classname="com.InetBanking.TestCases.TC_LoginDDT_002" name="loginDDT" time="6.373"/>
  <testcase classname="com.InetBanking.TestCases.TC_LoginDDT_002" name="loginDDT" time="6.58"/>
  <testcase classname="com.InetBanking.TestCases.TC_LoginDDT_002" name="loginDDT" time="4.934"/>
</testsuite> <!-- Banking App Test -->
