<?xml version="1.0" encoding="UTF-8"?>
<!-- Generated by org.testng.reporters.JUnitXMLReporter -->
<testsuite ignored="0" hostname="Debaprasad" failures="0" tests="9" name="Banking App Test" time="130.584" errors="0" timestamp="2022-11-19T13:27:00 IST">
  <testcase classname="com.InetBanking.TestCases.TC_Login_001" name="VerifyHomePage" time="6.621"/>
  <testcase classname="com.InetBanking.TestCases.TC_AddCustomerTest_003" name="addNewCustomer" time="7.738"/>
  <testcase classname="com.InetBanking.TestCases.TC_LoginDDT_002" name="loginDDT" time="6.933"/>
  <testcase classname="com.InetBanking.TestCases.TC_LoginDDT_002" name="loginDDT" time="6.162"/>
  <testcase classname="com.InetBanking.TestCases.TC_LoginDDT_002" name="loginDDT" time="5.891"/>
  <testcase classname="com.InetBanking.TestCases.TC_LoginDDT_002" name="loginDDT" time="8.394"/>
  <testcase classname="com.InetBanking.TestCases.TC_LoginDDT_002" name="loginDDT" time="6.262"/>
  <testcase classname="com.InetBanking.TestCases.TC_LoginDDT_002" name="loginDDT" time="5.92"/>
  <testcase classname="com.InetBanking.TestCases.TC_EditCustomerTest_004" name="editCustomer" time="15.135"/>
</testsuite> <!-- Banking App Test -->
