<?xml version="1.0" encoding="UTF-8"?>
<testng-results ignored="0" total="9" passed="9" failed="0" skipped="0">
  <reporter-output>
  </reporter-output>
  <suite started-at="2022-11-19T13:24:49 IST" name="InetBanking_V2" finished-at="2022-11-19T13:27:00 IST" duration-ms="130584">
    <groups>
    </groups>
    <test started-at="2022-11-19T13:24:49 IST" name="Banking App Test" finished-at="2022-11-19T13:27:00 IST" duration-ms="130584">
      <class name="com.InetBanking.TestCases.TC_AddCustomerTest_003">
        <test-method is-config="true" signature="Lunchbrowser()[pri:0, instance:com.InetBanking.TestCases.TC_AddCustomerTest_003@3590fc5b]" started-at="2022-11-19T13:25:13 IST" name="Lunchbrowser" finished-at="2022-11-19T13:25:29 IST" duration-ms="16169" status="PASS">
          <reporter-output>
          </reporter-output>
        </test-method> <!-- Lunchbrowser -->
        <test-method signature="addNewCustomer()[pri:0, instance:com.InetBanking.TestCases.TC_AddCustomerTest_003@3590fc5b]" started-at="2022-11-19T13:25:29 IST" name="addNewCustomer" finished-at="2022-11-19T13:25:36 IST" duration-ms="7738" status="PASS">
          <reporter-output>
          </reporter-output>
        </test-method> <!-- addNewCustomer -->
        <test-method is-config="true" signature="closebrowser()[pri:0, instance:com.InetBanking.TestCases.TC_AddCustomerTest_003@3590fc5b]" started-at="2022-11-19T13:25:36 IST" name="closebrowser" finished-at="2022-11-19T13:25:37 IST" duration-ms="180" status="PASS">
          <reporter-output>
          </reporter-output>
        </test-method> <!-- closebrowser -->
      </class> <!-- com.InetBanking.TestCases.TC_AddCustomerTest_003 -->
      <class name="com.InetBanking.TestCases.TC_LoginDDT_002">
        <test-method is-config="true" signature="Lunchbrowser()[pri:0, instance:com.InetBanking.TestCases.TC_LoginDDT_002@397fbdb]" started-at="2022-11-19T13:25:37 IST" name="Lunchbrowser" finished-at="2022-11-19T13:25:52 IST" duration-ms="15005" status="PASS">
          <reporter-output>
          </reporter-output>
        </test-method> <!-- Lunchbrowser -->
        <test-method signature="loginDDT(java.lang.String,java.lang.String,java.lang.String)[pri:0, instance:com.InetBanking.TestCases.TC_LoginDDT_002@397fbdb]" started-at="2022-11-19T13:25:54 IST" name="loginDDT" data-provider="LoginData" finished-at="2022-11-19T13:26:01 IST" duration-ms="6933" status="PASS">
          <params>
            <param index="0">
              <value>
                <![CDATA[mngr450211]]>
              </value>
            </param>
            <param index="1">
              <value>
                <![CDATA[AgYbUza]]>
              </value>
            </param>
            <param index="2">
              <value>
                <![CDATA[Valid]]>
              </value>
            </param>
          </params>
          <reporter-output>
          </reporter-output>
        </test-method> <!-- loginDDT -->
        <test-method signature="loginDDT(java.lang.String,java.lang.String,java.lang.String)[pri:0, instance:com.InetBanking.TestCases.TC_LoginDDT_002@397fbdb]" started-at="2022-11-19T13:26:01 IST" name="loginDDT" data-provider="LoginData" finished-at="2022-11-19T13:26:07 IST" duration-ms="6162" status="PASS">
          <params>
            <param index="0">
              <value>
                <![CDATA[mngr450212]]>
              </value>
            </param>
            <param index="1">
              <value>
                <![CDATA[AgYbUzb]]>
              </value>
            </param>
            <param index="2">
              <value>
                <![CDATA[Invalid]]>
              </value>
            </param>
          </params>
          <reporter-output>
          </reporter-output>
        </test-method> <!-- loginDDT -->
        <test-method signature="loginDDT(java.lang.String,java.lang.String,java.lang.String)[pri:0, instance:com.InetBanking.TestCases.TC_LoginDDT_002@397fbdb]" started-at="2022-11-19T13:26:07 IST" name="loginDDT" data-provider="LoginData" finished-at="2022-11-19T13:26:13 IST" duration-ms="5891" status="PASS">
          <params>
            <param index="0">
              <value>
                <![CDATA[mngr450213]]>
              </value>
            </param>
            <param index="1">
              <value>
                <![CDATA[AgYbUza]]>
              </value>
            </param>
            <param index="2">
              <value>
                <![CDATA[Invalid]]>
              </value>
            </param>
          </params>
          <reporter-output>
          </reporter-output>
        </test-method> <!-- loginDDT -->
        <test-method signature="loginDDT(java.lang.String,java.lang.String,java.lang.String)[pri:0, instance:com.InetBanking.TestCases.TC_LoginDDT_002@397fbdb]" started-at="2022-11-19T13:26:13 IST" name="loginDDT" data-provider="LoginData" finished-at="2022-11-19T13:26:22 IST" duration-ms="8394" status="PASS">
          <params>
            <param index="0">
              <value>
                <![CDATA[mngr450214]]>
              </value>
            </param>
            <param index="1">
              <value>
                <![CDATA[AgYbUzb]]>
              </value>
            </param>
            <param index="2">
              <value>
                <![CDATA[Invalid]]>
              </value>
            </param>
          </params>
          <reporter-output>
          </reporter-output>
        </test-method> <!-- loginDDT -->
        <test-method signature="loginDDT(java.lang.String,java.lang.String,java.lang.String)[pri:0, instance:com.InetBanking.TestCases.TC_LoginDDT_002@397fbdb]" started-at="2022-11-19T13:26:22 IST" name="loginDDT" data-provider="LoginData" finished-at="2022-11-19T13:26:28 IST" duration-ms="6262" status="PASS">
          <params>
            <param index="0">
              <value>
                <![CDATA[mngr450211]]>
              </value>
            </param>
            <param index="1">
              <value>
                <![CDATA[AgYbUza]]>
              </value>
            </param>
            <param index="2">
              <value>
                <![CDATA[Valid]]>
              </value>
            </param>
          </params>
          <reporter-output>
          </reporter-output>
        </test-method> <!-- loginDDT -->
        <test-method signature="loginDDT(java.lang.String,java.lang.String,java.lang.String)[pri:0, instance:com.InetBanking.TestCases.TC_LoginDDT_002@397fbdb]" started-at="2022-11-19T13:26:28 IST" name="loginDDT" data-provider="LoginData" finished-at="2022-11-19T13:26:34 IST" duration-ms="5920" status="PASS">
          <params>
            <param index="0">
              <value>
                <![CDATA[mngr450216]]>
              </value>
            </param>
            <param index="1">
              <value>
                <![CDATA[AgYbUzb]]>
              </value>
            </param>
            <param index="2">
              <value>
                <![CDATA[Invalid]]>
              </value>
            </param>
          </params>
          <reporter-output>
          </reporter-output>
        </test-method> <!-- loginDDT -->
        <test-method is-config="true" signature="closebrowser()[pri:0, instance:com.InetBanking.TestCases.TC_LoginDDT_002@397fbdb]" started-at="2022-11-19T13:26:34 IST" name="closebrowser" finished-at="2022-11-19T13:26:34 IST" duration-ms="331" status="PASS">
          <reporter-output>
          </reporter-output>
        </test-method> <!-- closebrowser -->
      </class> <!-- com.InetBanking.TestCases.TC_LoginDDT_002 -->
      <class name="com.InetBanking.TestCases.TC_Login_001">
        <test-method is-config="true" signature="Lunchbrowser()[pri:0, instance:com.InetBanking.TestCases.TC_Login_001@7b98f307]" started-at="2022-11-19T13:24:49 IST" name="Lunchbrowser" finished-at="2022-11-19T13:25:06 IST" duration-ms="16581" status="PASS">
          <reporter-output>
          </reporter-output>
        </test-method> <!-- Lunchbrowser -->
        <test-method signature="VerifyHomePage()[pri:0, instance:com.InetBanking.TestCases.TC_Login_001@7b98f307]" started-at="2022-11-19T13:25:06 IST" name="VerifyHomePage" finished-at="2022-11-19T13:25:12 IST" duration-ms="6621" status="PASS">
          <reporter-output>
          </reporter-output>
        </test-method> <!-- VerifyHomePage -->
        <test-method is-config="true" signature="closebrowser()[pri:0, instance:com.InetBanking.TestCases.TC_Login_001@7b98f307]" started-at="2022-11-19T13:25:12 IST" name="closebrowser" finished-at="2022-11-19T13:25:13 IST" duration-ms="192" status="PASS">
          <reporter-output>
          </reporter-output>
        </test-method> <!-- closebrowser -->
      </class> <!-- com.InetBanking.TestCases.TC_Login_001 -->
      <class name="com.InetBanking.TestCases.TC_EditCustomerTest_004">
        <test-method is-config="true" signature="Lunchbrowser()[pri:0, instance:com.InetBanking.TestCases.TC_EditCustomerTest_004@33d512c1]" started-at="2022-11-19T13:26:34 IST" name="Lunchbrowser" finished-at="2022-11-19T13:26:44 IST" duration-ms="9897" status="PASS">
          <reporter-output>
          </reporter-output>
        </test-method> <!-- Lunchbrowser -->
        <test-method signature="editCustomer()[pri:0, instance:com.InetBanking.TestCases.TC_EditCustomerTest_004@33d512c1]" started-at="2022-11-19T13:26:44 IST" name="editCustomer" finished-at="2022-11-19T13:26:59 IST" duration-ms="15135" status="PASS">
          <reporter-output>
          </reporter-output>
        </test-method> <!-- editCustomer -->
        <test-method is-config="true" signature="closebrowser()[pri:0, instance:com.InetBanking.TestCases.TC_EditCustomerTest_004@33d512c1]" started-at="2022-11-19T13:26:59 IST" name="closebrowser" finished-at="2022-11-19T13:27:00 IST" duration-ms="308" status="PASS">
          <reporter-output>
          </reporter-output>
        </test-method> <!-- closebrowser -->
      </class> <!-- com.InetBanking.TestCases.TC_EditCustomerTest_004 -->
    </test> <!-- Banking App Test -->
  </suite> <!-- InetBanking_V2 -->
</testng-results>
